<?xml version="1.0" encoding="UTF-8"?>
<!-- Generated by org.testng.reporters.JUnitReportReporter -->
<testsuite hostname="LAPTOP-RKLP3EC1" failures="0" tests="1" name="restassuredexmaples.Post" time="2.069" errors="0" timestamp="2022-03-26T18:26:05 IST" skipped="0">
  <testcase classname="restassuredexmaples.Post" name="createnewrecord" time="2.069"/>
  <system-out/>
</testsuite> <!-- restassuredexmaples.Post -->
